# JRE version: Java(TM) SE Runtime Environment (18.0.2.1+1) (build 18.0.2.1+1-1)
# Java VM: Java HotSpot(TM) 64-Bit Server VM (18.0.2.1+1-1, mixed mode, emulated-client, sharing, tiered, compressed oops, compressed class ptrs, g1 gc, windows-amd64)
GC Precious Log:
 CardTable entry size: 512
 Card Set container configuration: InlinePtr #cards 5 size 8 Array Of Cards #cards 12 size 40 Howl #buckets 4 coarsen threshold 1843 Howl Bitmap #cards 512 size 80 coarsen threshold 460 Card regions per heap region 1 cards per card region 2048
 CPUs: 4 total, 4 available
 Memory: 5941M
 Large Page Support: Disabled
 NUMA Support: Disabled
 Compressed Oops: Enabled (32-bit)
 Heap Region Size: 1M
 Heap Min Capacity: 8M
 Heap Initial Capacity: 94M
 Heap Max Capacity: 1486M
 Pre-touch: Disabled
 Parallel Workers: 4
 Concurrent Workers: 1
 Concurrent Refinement Workers: 4
 Periodic GC: Disabled
Heap:
 garbage-first heap   total 96256K, used 25316K [0x00000000a3200000, 0x0000000100000000)
  region size 1024K, 21 young (21504K), 3 survivors (3072K)
 Metaspace       used 16904K, committed 17152K, reserved 1114112K
  class space    used 2179K, committed 2304K, reserved 1048576K
GC Heap History (6 events):
Event: 8.080 GC heap before
{Heap before GC invocations=0 (full 0):
 garbage-first heap   total 96256K, used 14336K [0x00000000a3200000, 0x0000000100000000)
  region size 1024K, 13 young (13312K), 0 survivors (0K)
 Metaspace       used 5281K, committed 5440K, reserved 1114112K
  class space    used 605K, committed 704K, reserved 1048576K
}
Event: 8.094 GC heap after
{Heap after GC invocations=1 (full 0):
 garbage-first heap   total 96256K, used 6692K [0x00000000a3200000, 0x0000000100000000)
  region size 1024K, 2 young (2048K), 2 survivors (2048K)
 Metaspace       used 5281K, committed 5440K, reserved 1114112K
  class space    used 605K, committed 704K, reserved 1048576K
}
Event: 9.968 GC heap before
{Heap before GC invocations=1 (full 0):
 garbage-first heap   total 96256K, used 14884K [0x00000000a3200000, 0x0000000100000000)
  region size 1024K, 10 young (10240K), 2 survivors (2048K)
 Metaspace       used 7084K, committed 7296K, reserved 1114112K
  class space    used 856K, committed 960K, reserved 1048576K
}
Event: 9.975 GC heap after
{Heap after GC invocations=2 (full 0):
 garbage-first heap   total 96256K, used 7339K [0x00000000a3200000, 0x0000000100000000)
  region size 1024K, 1 young (1024K), 1 survivors (1024K)
 Metaspace       used 7084K, committed 7296K, reserved 1114112K
  class space    used 856K, committed 960K, reserved 1048576K
}
Event: 13.335 GC heap before
{Heap before GC invocations=2 (full 0):
 garbage-first heap   total 96256K, used 30891K [0x00000000a3200000, 0x0000000100000000)
  region size 1024K, 25 young (25600K), 1 survivors (1024K)
 Metaspace       used 12812K, committed 13120K, reserved 1114112K
  class space    used 1641K, committed 1792K, reserved 1048576K
}
Event: 13.342 GC heap after
{Heap after GC invocations=3 (full 0):
 garbage-first heap   total 96256K, used 8932K [0x00000000a3200000, 0x0000000100000000)
  region size 1024K, 3 young (3072K), 3 survivors (3072K)
 Metaspace       used 12812K, committed 13120K, reserved 1114112K
  class space    used 1641K, committed 1792K, reserved 1048576K
}

